<?xml version="1.0" encoding="UTF-8"?>
<coverage generated="1698343826488" clover="3.2.0">
  <project timestamp="1698343826488" name="All files">
    <metrics statements="280" coveredstatements="279" conditionals="73" coveredconditionals="71" methods="52" coveredmethods="51" elements="405" coveredelements="401" complexity="0" loc="280" ncloc="280" packages="5" files="14" classes="14"/>
    <package name="express-jobly">
      <metrics statements="50" coveredstatements="49" conditionals="18" coveredconditionals="16" methods="9" coveredmethods="8"/>
      <file name="app.js" path="/home/lrw/rithm/sprints/express-jobly/app.js">
        <metrics statements="23" coveredstatements="23" conditionals="2" coveredconditionals="2" methods="2" coveredmethods="2"/>
        <line num="5" count="4" type="stmt"/>
        <line num="6" count="4" type="stmt"/>
        <line num="8" count="4" type="stmt"/>
        <line num="10" count="4" type="stmt"/>
        <line num="11" count="4" type="stmt"/>
        <line num="12" count="4" type="stmt"/>
        <line num="13" count="4" type="stmt"/>
        <line num="15" count="4" type="stmt"/>
        <line num="17" count="4" type="stmt"/>
        <line num="19" count="4" type="stmt"/>
        <line num="20" count="4" type="stmt"/>
        <line num="21" count="4" type="stmt"/>
        <line num="22" count="4" type="stmt"/>
        <line num="24" count="4" type="stmt"/>
        <line num="25" count="4" type="stmt"/>
        <line num="26" count="4" type="stmt"/>
        <line num="30" count="4" type="stmt"/>
        <line num="31" count="2" type="stmt"/>
        <line num="35" count="4" type="stmt"/>
        <line num="36" count="28" type="cond" truecount="2" falsecount="0"/>
        <line num="39" count="28" type="stmt"/>
        <line num="41" count="28" type="stmt"/>
        <line num="46" count="4" type="stmt"/>
      </file>
      <file name="config.js" path="/home/lrw/rithm/sprints/express-jobly/config.js">
        <metrics statements="9" coveredstatements="9" conditionals="12" coveredconditionals="12" methods="1" coveredmethods="1"/>
        <line num="5" count="9" type="stmt"/>
        <line num="6" count="9" type="stmt"/>
        <line num="8" count="9" type="cond" truecount="2" falsecount="0"/>
        <line num="10" count="9" type="cond" truecount="2" falsecount="0"/>
        <line num="14" count="10" type="cond" truecount="2" falsecount="0"/>
        <line num="21" count="9" type="cond" truecount="2" falsecount="0"/>
        <line num="23" count="9" type="cond" truecount="2" falsecount="0"/>
        <line num="24" count="1" type="stmt"/>
        <line num="34" count="9" type="stmt"/>
      </file>
      <file name="db.js" path="/home/lrw/rithm/sprints/express-jobly/db.js">
        <metrics statements="10" coveredstatements="10" conditionals="0" coveredconditionals="0" methods="1" coveredmethods="1"/>
        <line num="5" count="6" type="stmt"/>
        <line num="6" count="6" type="stmt"/>
        <line num="8" count="6" type="stmt"/>
        <line num="10" count="6" type="stmt"/>
        <line num="16" count="6" type="stmt"/>
        <line num="17" count="6" type="stmt"/>
        <line num="18" count="6" type="stmt"/>
        <line num="19" count="6" type="stmt"/>
        <line num="25" count="6" type="stmt"/>
        <line num="27" count="6" type="stmt"/>
      </file>
      <file name="expressError.js" path="/home/lrw/rithm/sprints/express-jobly/expressError.js">
        <metrics statements="8" coveredstatements="7" conditionals="4" coveredconditionals="2" methods="5" coveredmethods="4"/>
        <line num="11" count="46" type="stmt"/>
        <line num="12" count="46" type="stmt"/>
        <line num="13" count="46" type="stmt"/>
        <line num="21" count="14" type="stmt"/>
        <line num="29" count="13" type="stmt"/>
        <line num="37" count="19" type="stmt"/>
        <line num="45" count="0" type="stmt"/>
        <line num="49" count="8" type="stmt"/>
      </file>
    </package>
    <package name="express-jobly.helpers">
      <metrics statements="31" coveredstatements="31" conditionals="17" coveredconditionals="17" methods="4" coveredmethods="4"/>
      <file name="sql.js" path="/home/lrw/rithm/sprints/express-jobly/helpers/sql.js">
        <metrics statements="26" coveredstatements="26" conditionals="17" coveredconditionals="17" methods="3" coveredmethods="3"/>
        <line num="3" count="7" type="stmt"/>
        <line num="22" count="16" type="stmt"/>
        <line num="23" count="16" type="cond" truecount="2" falsecount="0"/>
        <line num="26" count="13" type="stmt"/>
        <line num="27" count="33" type="cond" truecount="2" falsecount="0"/>
        <line num="30" count="13" type="stmt"/>
        <line num="43" count="13" type="cond" truecount="2" falsecount="0"/>
        <line num="48" count="2" type="stmt"/>
        <line num="51" count="11" type="stmt"/>
        <line num="52" count="11" type="stmt"/>
        <line num="54" count="11" type="stmt"/>
        <line num="55" count="11" type="cond" truecount="2" falsecount="0"/>
        <line num="56" count="2" type="stmt"/>
        <line num="57" count="2" type="stmt"/>
        <line num="58" count="9" type="cond" truecount="2" falsecount="0"/>
        <line num="59" count="5" type="stmt"/>
        <line num="60" count="5" type="stmt"/>
        <line num="61" count="4" type="cond" truecount="2" falsecount="0"/>
        <line num="62" count="3" type="stmt"/>
        <line num="63" count="3" type="stmt"/>
        <line num="65" count="1" type="stmt"/>
        <line num="69" count="10" type="stmt"/>
        <line num="71" count="10" type="cond" truecount="2" falsecount="0"/>
        <line num="72" count="8" type="stmt"/>
        <line num="75" count="10" type="stmt"/>
        <line num="78" count="7" type="stmt"/>
      </file>
      <file name="tokens.js" path="/home/lrw/rithm/sprints/express-jobly/helpers/tokens.js">
        <metrics statements="5" coveredstatements="5" conditionals="0" coveredconditionals="0" methods="1" coveredmethods="1"/>
        <line num="3" count="5" type="stmt"/>
        <line num="4" count="5" type="stmt"/>
        <line num="9" count="10" type="stmt"/>
        <line num="14" count="10" type="stmt"/>
        <line num="17" count="5" type="stmt"/>
      </file>
    </package>
    <package name="express-jobly.middleware">
      <metrics statements="12" coveredstatements="12" conditionals="4" coveredconditionals="4" methods="2" coveredmethods="2"/>
      <file name="auth.js" path="/home/lrw/rithm/sprints/express-jobly/middleware/auth.js">
        <metrics statements="12" coveredstatements="12" conditionals="4" coveredconditionals="4" methods="2" coveredmethods="2"/>
        <line num="5" count="5" type="stmt"/>
        <line num="6" count="5" type="stmt"/>
        <line num="7" count="5" type="stmt"/>
        <line num="19" count="49" type="stmt"/>
        <line num="20" count="49" type="cond" truecount="2" falsecount="0"/>
        <line num="21" count="24" type="stmt"/>
        <line num="23" count="24" type="stmt"/>
        <line num="24" count="24" type="stmt"/>
        <line num="29" count="49" type="stmt"/>
        <line num="39" count="32" type="cond" truecount="2" falsecount="0"/>
        <line num="40" count="9" type="stmt"/>
        <line num="44" count="5" type="stmt"/>
      </file>
    </package>
    <package name="express-jobly.models">
      <metrics statements="78" coveredstatements="78" conditionals="22" coveredconditionals="22" methods="15" coveredmethods="15"/>
      <file name="_testCommon.js" path="/home/lrw/rithm/sprints/express-jobly/models/_testCommon.js">
        <metrics statements="11" coveredstatements="11" conditionals="0" coveredconditionals="0" methods="4" coveredmethods="4"/>
        <line num="3" count="2" type="stmt"/>
        <line num="5" count="2" type="stmt"/>
        <line num="6" count="2" type="stmt"/>
        <line num="10" count="2" type="stmt"/>
        <line num="12" count="2" type="stmt"/>
        <line num="14" count="2" type="stmt"/>
        <line num="20" count="2" type="stmt"/>
        <line num="35" count="29" type="stmt"/>
        <line num="39" count="29" type="stmt"/>
        <line num="43" count="2" type="stmt"/>
        <line num="47" count="2" type="stmt"/>
      </file>
      <file name="company.js" path="/home/lrw/rithm/sprints/express-jobly/models/company.js">
        <metrics statements="27" coveredstatements="27" conditionals="8" coveredconditionals="8" methods="5" coveredmethods="5"/>
        <line num="3" count="5" type="stmt"/>
        <line num="4" count="5" type="stmt"/>
        <line num="5" count="5" type="stmt"/>
        <line num="20" count="13" type="stmt"/>
        <line num="28" count="13" type="cond" truecount="2" falsecount="0"/>
        <line num="29" count="1" type="stmt"/>
        <line num="31" count="12" type="stmt"/>
        <line num="47" count="12" type="stmt"/>
        <line num="49" count="12" type="stmt"/>
        <line num="59" count="8" type="stmt"/>
        <line num="61" count="7" type="stmt"/>
        <line num="73" count="7" type="stmt"/>
        <line num="85" count="5" type="stmt"/>
        <line num="97" count="5" type="stmt"/>
        <line num="99" count="5" type="cond" truecount="2" falsecount="0"/>
        <line num="101" count="3" type="stmt"/>
        <line num="117" count="6" type="stmt"/>
        <line num="121" count="5" type="stmt"/>
        <line num="123" count="5" type="stmt"/>
        <line num="133" count="5" type="stmt"/>
        <line num="134" count="5" type="stmt"/>
        <line num="136" count="5" type="cond" truecount="2" falsecount="0"/>
        <line num="138" count="3" type="stmt"/>
        <line num="147" count="4" type="stmt"/>
        <line num="155" count="4" type="stmt"/>
        <line num="157" count="4" type="cond" truecount="2" falsecount="0"/>
        <line num="161" count="5" type="stmt"/>
      </file>
      <file name="user.js" path="/home/lrw/rithm/sprints/express-jobly/models/user.js">
        <metrics statements="40" coveredstatements="40" conditionals="14" coveredconditionals="14" methods="6" coveredmethods="6"/>
        <line num="3" count="5" type="stmt"/>
        <line num="4" count="5" type="stmt"/>
        <line num="5" count="5" type="stmt"/>
        <line num="10" count="5" type="stmt"/>
        <line num="12" count="5" type="stmt"/>
        <line num="26" count="7" type="stmt"/>
        <line num="37" count="7" type="stmt"/>
        <line num="39" count="7" type="cond" truecount="2" falsecount="0"/>
        <line num="41" count="4" type="stmt"/>
        <line num="42" count="4" type="cond" truecount="2" falsecount="0"/>
        <line num="43" count="3" type="stmt"/>
        <line num="44" count="3" type="stmt"/>
        <line num="48" count="4" type="stmt"/>
        <line num="60" count="16" type="stmt"/>
        <line num="66" count="16" type="cond" truecount="2" falsecount="0"/>
        <line num="67" count="1" type="stmt"/>
        <line num="70" count="15" type="stmt"/>
        <line num="72" count="15" type="stmt"/>
        <line num="96" count="15" type="stmt"/>
        <line num="98" count="15" type="stmt"/>
        <line num="107" count="2" type="stmt"/>
        <line num="117" count="2" type="stmt"/>
        <line num="129" count="4" type="stmt"/>
        <line num="139" count="4" type="stmt"/>
        <line num="141" count="4" type="cond" truecount="2" falsecount="0"/>
        <line num="143" count="2" type="stmt"/>
        <line num="164" count="7" type="cond" truecount="2" falsecount="0"/>
        <line num="165" count="2" type="stmt"/>
        <line num="168" count="7" type="stmt"/>
        <line num="175" count="6" type="stmt"/>
        <line num="177" count="6" type="stmt"/>
        <line num="186" count="6" type="stmt"/>
        <line num="187" count="6" type="stmt"/>
        <line num="189" count="6" type="cond" truecount="2" falsecount="0"/>
        <line num="191" count="4" type="stmt"/>
        <line num="192" count="4" type="stmt"/>
        <line num="198" count="4" type="stmt"/>
        <line num="204" count="4" type="stmt"/>
        <line num="206" count="4" type="cond" truecount="2" falsecount="0"/>
        <line num="211" count="5" type="stmt"/>
      </file>
    </package>
    <package name="express-jobly.routes">
      <metrics statements="109" coveredstatements="109" conditionals="12" coveredconditionals="12" methods="22" coveredmethods="22"/>
      <file name="_testCommon.js" path="/home/lrw/rithm/sprints/express-jobly/routes/_testCommon.js">
        <metrics statements="17" coveredstatements="17" conditionals="0" coveredconditionals="0" methods="4" coveredmethods="4"/>
        <line num="3" count="3" type="stmt"/>
        <line num="4" count="3" type="stmt"/>
        <line num="5" count="3" type="stmt"/>
        <line num="6" count="3" type="stmt"/>
        <line num="10" count="3" type="stmt"/>
        <line num="12" count="3" type="stmt"/>
        <line num="14" count="3" type="stmt"/>
        <line num="22" count="3" type="stmt"/>
        <line num="30" count="3" type="stmt"/>
        <line num="39" count="3" type="stmt"/>
        <line num="47" count="3" type="stmt"/>
        <line num="55" count="3" type="stmt"/>
        <line num="66" count="44" type="stmt"/>
        <line num="70" count="44" type="stmt"/>
        <line num="74" count="3" type="stmt"/>
        <line num="78" count="3" type="stmt"/>
        <line num="81" count="3" type="stmt"/>
      </file>
      <file name="auth.js" path="/home/lrw/rithm/sprints/express-jobly/routes/auth.js">
        <metrics statements="26" coveredstatements="26" conditionals="4" coveredconditionals="4" methods="4" coveredmethods="4"/>
        <line num="5" count="4" type="stmt"/>
        <line num="7" count="4" type="stmt"/>
        <line num="8" count="4" type="stmt"/>
        <line num="9" count="4" type="stmt"/>
        <line num="10" count="4" type="stmt"/>
        <line num="11" count="4" type="stmt"/>
        <line num="12" count="4" type="stmt"/>
        <line num="13" count="4" type="stmt"/>
        <line num="22" count="4" type="stmt"/>
        <line num="23" count="5" type="stmt"/>
        <line num="28" count="5" type="cond" truecount="2" falsecount="0"/>
        <line num="29" count="2" type="stmt"/>
        <line num="30" count="2" type="stmt"/>
        <line num="33" count="3" type="stmt"/>
        <line num="34" count="3" type="stmt"/>
        <line num="35" count="1" type="stmt"/>
        <line num="36" count="1" type="stmt"/>
        <line num="49" count="4" type="stmt"/>
        <line num="50" count="3" type="stmt"/>
        <line num="55" count="3" type="cond" truecount="2" falsecount="0"/>
        <line num="56" count="5" type="stmt"/>
        <line num="57" count="2" type="stmt"/>
        <line num="60" count="1" type="stmt"/>
        <line num="61" count="1" type="stmt"/>
        <line num="62" count="1" type="stmt"/>
        <line num="66" count="4" type="stmt"/>
      </file>
      <file name="companies.js" path="/home/lrw/rithm/sprints/express-jobly/routes/companies.js">
        <metrics statements="32" coveredstatements="32" conditionals="4" coveredconditionals="4" methods="7" coveredmethods="7"/>
        <line num="5" count="4" type="stmt"/>
        <line num="6" count="4" type="stmt"/>
        <line num="8" count="4" type="stmt"/>
        <line num="9" count="4" type="stmt"/>
        <line num="10" count="4" type="stmt"/>
        <line num="12" count="4" type="stmt"/>
        <line num="13" count="4" type="stmt"/>
        <line num="15" count="4" type="stmt"/>
        <line num="26" count="4" type="stmt"/>
        <line num="27" count="3" type="stmt"/>
        <line num="30" count="3" type="cond" truecount="2" falsecount="0"/>
        <line num="31" count="3" type="stmt"/>
        <line num="32" count="2" type="stmt"/>
        <line num="35" count="1" type="stmt"/>
        <line num="36" count="1" type="stmt"/>
        <line num="50" count="4" type="stmt"/>
        <line num="51" count="4" type="stmt"/>
        <line num="52" count="4" type="stmt"/>
        <line num="63" count="4" type="stmt"/>
        <line num="64" count="3" type="stmt"/>
        <line num="65" count="2" type="stmt"/>
        <line num="79" count="4" type="stmt"/>
        <line num="80" count="4" type="stmt"/>
        <line num="83" count="4" type="cond" truecount="2" falsecount="0"/>
        <line num="84" count="2" type="stmt"/>
        <line num="85" count="2" type="stmt"/>
        <line num="88" count="2" type="stmt"/>
        <line num="89" count="1" type="stmt"/>
        <line num="97" count="4" type="stmt"/>
        <line num="98" count="2" type="stmt"/>
        <line num="99" count="1" type="stmt"/>
        <line num="102" count="4" type="stmt"/>
      </file>
      <file name="users.js" path="/home/lrw/rithm/sprints/express-jobly/routes/users.js">
        <metrics statements="34" coveredstatements="34" conditionals="4" coveredconditionals="4" methods="7" coveredmethods="7"/>
        <line num="5" count="4" type="stmt"/>
        <line num="7" count="4" type="stmt"/>
        <line num="8" count="4" type="stmt"/>
        <line num="9" count="4" type="stmt"/>
        <line num="10" count="4" type="stmt"/>
        <line num="11" count="4" type="stmt"/>
        <line num="12" count="4" type="stmt"/>
        <line num="13" count="4" type="stmt"/>
        <line num="15" count="4" type="stmt"/>
        <line num="30" count="4" type="stmt"/>
        <line num="31" count="4" type="stmt"/>
        <line num="36" count="4" type="cond" truecount="2" falsecount="0"/>
        <line num="37" count="5" type="stmt"/>
        <line num="38" count="2" type="stmt"/>
        <line num="41" count="2" type="stmt"/>
        <line num="42" count="2" type="stmt"/>
        <line num="43" count="2" type="stmt"/>
        <line num="54" count="4" type="stmt"/>
        <line num="55" count="1" type="stmt"/>
        <line num="56" count="1" type="stmt"/>
        <line num="67" count="4" type="stmt"/>
        <line num="68" count="2" type="stmt"/>
        <line num="69" count="1" type="stmt"/>
        <line num="83" count="4" type="stmt"/>
        <line num="84" count="4" type="stmt"/>
        <line num="89" count="4" type="cond" truecount="2" falsecount="0"/>
        <line num="90" count="1" type="stmt"/>
        <line num="91" count="1" type="stmt"/>
        <line num="94" count="3" type="stmt"/>
        <line num="95" count="2" type="stmt"/>
        <line num="104" count="4" type="stmt"/>
        <line num="105" count="2" type="stmt"/>
        <line num="106" count="1" type="stmt"/>
        <line num="110" count="4" type="stmt"/>
      </file>
    </package>
  </project>
</coverage>
