TN:
SF:app.js
FN:31,(anonymous_0)
FN:36,(anonymous_1)
FNF:2
FNH:2
FNDA:2,(anonymous_0)
FNDA:36,(anonymous_1)
DA:5,4
DA:6,4
DA:8,4
DA:10,4
DA:11,4
DA:12,4
DA:13,4
DA:14,4
DA:16,4
DA:18,4
DA:20,4
DA:21,4
DA:22,4
DA:23,4
DA:25,4
DA:26,4
DA:27,4
DA:28,4
DA:31,4
DA:32,2
DA:36,4
DA:37,36
DA:40,36
DA:42,36
DA:47,4
LF:25
LH:25
BRDA:37,0,0,1
BRDA:37,0,1,35
BRF:2
BRH:2
end_of_record
TN:
SF:config.js
FN:13,getDatabaseUri
FNF:1
FNH:1
FNDA:10,getDatabaseUri
DA:5,9
DA:6,9
DA:8,9
DA:10,9
DA:14,10
DA:21,9
DA:23,9
DA:24,1
DA:34,9
LF:9
LH:9
BRDA:8,0,0,9
BRDA:8,0,1,8
BRDA:10,1,0,9
BRDA:10,1,1,8
BRDA:14,2,0,7
BRDA:14,2,1,3
BRDA:16,3,0,3
BRDA:16,3,1,1
BRDA:21,4,0,8
BRDA:21,4,1,1
BRDA:23,5,0,1
BRDA:23,5,1,8
BRF:12
BRH:12
end_of_record
TN:
SF:db.js
FN:14,connectDb
FNF:1
FNH:1
FNDA:6,connectDb
DA:5,6
DA:6,6
DA:8,6
DA:10,6
DA:16,6
DA:17,6
DA:18,6
DA:19,6
DA:25,6
DA:27,6
LF:10
LH:10
BRF:0
BRH:0
end_of_record
TN:
SF:expressError.js
FN:10,(anonymous_0)
FN:20,(anonymous_1)
FN:28,(anonymous_2)
FN:36,(anonymous_3)
FN:44,(anonymous_4)
FNF:5
FNH:4
FNDA:59,(anonymous_0)
FNDA:14,(anonymous_1)
FNDA:27,(anonymous_2)
FNDA:18,(anonymous_3)
FNDA:0,(anonymous_4)
DA:11,59
DA:12,59
DA:13,59
DA:21,14
DA:29,27
DA:37,18
DA:45,0
DA:49,8
LF:8
LH:7
BRDA:20,0,0,2
BRDA:28,1,0,23
BRDA:36,2,0,0
BRDA:44,3,0,0
BRF:4
BRH:2
end_of_record
TN:
SF:helpers/sql.js
FN:21,sqlForPartialUpdate
FN:27,(anonymous_1)
FN:42,createWhereClause
FNF:3
FNH:3
FNDA:17,sqlForPartialUpdate
FNDA:34,(anonymous_1)
FNDA:13,createWhereClause
DA:3,7
DA:22,17
DA:23,17
DA:26,14
DA:27,34
DA:30,14
DA:43,13
DA:44,2
DA:47,11
DA:48,11
DA:50,11
DA:51,11
DA:52,2
DA:53,2
DA:54,9
DA:55,5
DA:56,5
DA:57,4
DA:58,3
DA:59,3
DA:63,11
DA:65,11
DA:66,8
DA:69,11
DA:72,7
LF:25
LH:25
BRDA:23,0,0,3
BRDA:23,0,1,14
BRDA:27,1,0,34
BRDA:27,1,1,18
BRDA:43,2,0,2
BRDA:43,2,1,11
BRDA:51,3,0,2
BRDA:51,3,1,9
BRDA:54,4,0,5
BRDA:54,4,1,4
BRDA:57,5,0,3
BRDA:57,5,1,1
BRDA:65,6,0,8
BRDA:65,6,1,3
BRF:14
BRH:14
end_of_record
TN:
SF:helpers/tokens.js
FN:8,createToken
FNF:1
FNH:1
FNDA:13,createToken
DA:3,5
DA:4,5
DA:9,13
DA:14,13
DA:17,5
LF:5
LH:5
BRF:0
BRH:0
end_of_record
TN:
SF:middleware/auth.js
FN:17,authenticateJWT
FN:36,ensureLoggedIn
FN:46,ensureAuthorizedUser
FN:61,ensureAdmin
FNF:4
FNH:4
FNDA:60,authenticateJWT
FNDA:3,ensureLoggedIn
FNDA:22,ensureAuthorizedUser
FNDA:27,ensureAdmin
DA:5,5
DA:6,5
DA:7,5
DA:18,60
DA:19,60
DA:20,35
DA:22,35
DA:23,35
DA:28,60
DA:37,3
DA:38,2
DA:47,22
DA:48,22
DA:52,13
DA:53,9
DA:62,27
DA:63,15
DA:64,12
DA:67,5
LF:19
LH:19
BRDA:19,0,0,35
BRDA:19,0,1,25
BRDA:37,1,0,1
BRDA:37,1,1,2
BRDA:48,2,0,13
BRDA:48,2,1,9
BRDA:49,3,0,22
BRDA:49,3,1,17
BRDA:49,3,2,12
BRDA:62,4,0,15
BRDA:62,4,1,12
BRDA:62,5,0,27
BRDA:62,5,1,21
BRF:13
BRH:13
end_of_record
TN:
SF:models/_testCommon.js
FN:8,commonBeforeAll
FN:34,commonBeforeEach
FN:38,commonAfterEach
FN:42,commonAfterAll
FNF:4
FNH:4
FNDA:2,commonBeforeAll
FNDA:29,commonBeforeEach
FNDA:29,commonAfterEach
FNDA:2,commonAfterAll
DA:3,2
DA:5,2
DA:6,2
DA:10,2
DA:12,2
DA:14,2
DA:20,2
DA:35,29
DA:39,29
DA:43,2
DA:47,2
LF:11
LH:11
BRF:0
BRH:0
end_of_record
TN:
SF:models/company.js
FN:19,(anonymous_0)
FN:58,(anonymous_1)
FN:84,(anonymous_2)
FN:116,(anonymous_3)
FN:146,(anonymous_4)
FNF:5
FNH:5
FNDA:13,(anonymous_0)
FNDA:8,(anonymous_1)
FNDA:5,(anonymous_2)
FNDA:6,(anonymous_3)
FNDA:4,(anonymous_4)
DA:3,5
DA:4,5
DA:5,5
DA:20,13
DA:28,13
DA:29,1
DA:31,12
DA:47,12
DA:49,12
DA:59,8
DA:61,7
DA:73,7
DA:85,5
DA:97,5
DA:99,5
DA:101,3
DA:117,6
DA:121,5
DA:123,5
DA:133,5
DA:134,5
DA:136,5
DA:138,3
DA:147,4
DA:155,4
DA:157,4
DA:161,5
LF:27
LH:27
BRDA:28,0,0,1
BRDA:28,0,1,12
BRDA:99,1,0,2
BRDA:99,1,1,3
BRDA:136,2,0,2
BRDA:136,2,1,3
BRDA:157,3,0,2
BRDA:157,3,1,2
BRF:8
BRH:8
end_of_record
TN:
SF:models/jobs.js
FN:18,(anonymous_0)
FN:46,(anonymous_1)
FN:71,(anonymous_2)
FN:104,(anonymous_3)
FN:133,(anonymous_4)
FNF:5
FNH:0
FNDA:0,(anonymous_0)
FNDA:0,(anonymous_1)
FNDA:0,(anonymous_2)
FNDA:0,(anonymous_3)
FNDA:0,(anonymous_4)
DA:3,4
DA:4,4
DA:5,4
DA:19,0
DA:35,0
DA:37,0
DA:47,0
DA:49,0
DA:61,0
DA:72,0
DA:85,0
DA:87,0
DA:89,0
DA:105,0
DA:108,0
DA:110,0
DA:120,0
DA:121,0
DA:123,0
DA:125,0
DA:134,0
DA:142,0
DA:144,0
DA:146,0
DA:150,4
LF:25
LH:4
BRDA:87,0,0,0
BRDA:87,0,1,0
BRDA:123,1,0,0
BRDA:123,1,1,0
BRDA:144,2,0,0
BRDA:144,2,1,0
BRF:6
BRH:0
end_of_record
TN:
SF:models/user.js
FN:24,(anonymous_0)
FN:58,(anonymous_1)
FN:106,(anonymous_2)
FN:128,(anonymous_3)
FN:163,(anonymous_4)
FN:197,(anonymous_5)
FNF:6
FNH:6
FNDA:7,(anonymous_0)
FNDA:19,(anonymous_1)
FNDA:2,(anonymous_2)
FNDA:5,(anonymous_3)
FNDA:8,(anonymous_4)
FNDA:5,(anonymous_5)
DA:3,5
DA:4,5
DA:5,5
DA:10,5
DA:12,5
DA:26,7
DA:37,7
DA:39,7
DA:41,4
DA:42,4
DA:43,3
DA:44,3
DA:48,4
DA:60,19
DA:66,19
DA:67,1
DA:70,18
DA:72,18
DA:96,18
DA:98,18
DA:107,2
DA:117,2
DA:129,5
DA:139,5
DA:141,5
DA:143,3
DA:164,8
DA:165,2
DA:168,8
DA:175,7
DA:177,7
DA:186,7
DA:187,7
DA:189,7
DA:191,5
DA:192,5
DA:198,5
DA:204,5
DA:206,5
DA:211,5
LF:40
LH:40
BRDA:39,0,0,4
BRDA:39,0,1,3
BRDA:42,1,0,3
BRDA:42,1,1,1
BRDA:66,2,0,1
BRDA:66,2,1,18
BRDA:141,3,0,2
BRDA:141,3,1,3
BRDA:164,4,0,2
BRDA:164,4,1,6
BRDA:189,5,0,2
BRDA:189,5,1,5
BRDA:206,6,0,2
BRDA:206,6,1,3
BRF:14
BRH:14
end_of_record
TN:
SF:routes/_testCommon.js
FN:8,commonBeforeAll
FN:73,commonBeforeEach
FN:77,commonAfterEach
FN:81,commonAfterAll
FNF:4
FNH:4
FNDA:3,commonBeforeAll
FNDA:55,commonBeforeEach
FNDA:55,commonAfterEach
FNDA:3,commonAfterAll
DA:3,3
DA:4,3
DA:5,3
DA:6,3
DA:10,3
DA:12,3
DA:14,3
DA:22,3
DA:30,3
DA:39,3
DA:47,3
DA:55,3
DA:63,3
DA:74,55
DA:78,55
DA:82,3
DA:86,3
DA:87,3
DA:90,3
LF:19
LH:19
BRF:0
BRH:0
end_of_record
TN:
SF:routes/auth.js
FN:22,(anonymous_0)
FN:29,(anonymous_1)
FN:49,(anonymous_2)
FN:56,(anonymous_3)
FNF:4
FNH:4
FNDA:5,(anonymous_0)
FNDA:2,(anonymous_1)
FNDA:3,(anonymous_2)
FNDA:5,(anonymous_3)
DA:5,4
DA:7,4
DA:8,4
DA:9,4
DA:10,4
DA:11,4
DA:12,4
DA:13,4
DA:22,4
DA:23,5
DA:28,5
DA:29,2
DA:30,2
DA:33,3
DA:34,3
DA:35,1
DA:36,1
DA:49,4
DA:50,3
DA:55,3
DA:56,5
DA:57,2
DA:60,1
DA:61,1
DA:62,1
DA:66,4
LF:26
LH:26
BRDA:28,0,0,2
BRDA:28,0,1,3
BRDA:55,1,0,2
BRDA:55,1,1,1
BRF:4
BRH:4
end_of_record
TN:
SF:routes/companies.js
FN:27,(anonymous_0)
FN:32,(anonymous_1)
FN:51,(anonymous_2)
FN:65,(anonymous_3)
FN:81,(anonymous_4)
FN:97,(anonymous_5)
FN:102,(anonymous_6)
FN:115,(anonymous_7)
FNF:8
FNH:7
FNDA:3,(anonymous_0)
FNDA:3,(anonymous_1)
FNDA:4,(anonymous_2)
FNDA:0,(anonymous_3)
FNDA:3,(anonymous_4)
FNDA:4,(anonymous_5)
FNDA:2,(anonymous_6)
FNDA:2,(anonymous_7)
DA:5,4
DA:6,4
DA:8,4
DA:9,4
DA:10,4
DA:12,4
DA:13,4
DA:14,4
DA:16,4
DA:27,4
DA:28,3
DA:31,3
DA:32,3
DA:33,2
DA:36,1
DA:37,1
DA:51,4
DA:52,4
DA:54,4
DA:55,4
DA:56,3
DA:60,4
DA:64,4
DA:65,0
DA:66,0
DA:69,4
DA:70,4
DA:81,4
DA:82,3
DA:83,2
DA:97,4
DA:98,4
DA:101,4
DA:102,2
DA:103,2
DA:106,2
DA:107,1
DA:115,4
DA:116,2
DA:117,1
DA:120,4
LF:41
LH:39
BRDA:31,0,0,2
BRDA:31,0,1,1
BRDA:55,1,0,3
BRDA:55,1,1,1
BRDA:55,2,0,4
BRDA:55,2,1,2
BRDA:64,3,0,0
BRDA:64,3,1,4
BRDA:101,4,0,2
BRDA:101,4,1,2
BRF:10
BRH:9
end_of_record
TN:
SF:routes/jobs.js
FN:27,(anonymous_0)
FN:32,(anonymous_1)
FN:51,(anonymous_2)
FN:65,(anonymous_3)
FN:80,(anonymous_4)
FN:96,(anonymous_5)
FN:101,(anonymous_6)
FN:114,(anonymous_7)
FNF:8
FNH:0
FNDA:0,(anonymous_0)
FNDA:0,(anonymous_1)
FNDA:0,(anonymous_2)
FNDA:0,(anonymous_3)
FNDA:0,(anonymous_4)
FNDA:0,(anonymous_5)
FNDA:0,(anonymous_6)
FNDA:0,(anonymous_7)
DA:5,4
DA:6,4
DA:8,4
DA:9,4
DA:10,4
DA:12,4
DA:13,4
DA:14,4
DA:16,4
DA:27,4
DA:28,0
DA:31,0
DA:32,0
DA:33,0
DA:36,0
DA:37,0
DA:51,4
DA:52,0
DA:54,0
DA:55,0
DA:56,0
DA:60,0
DA:64,0
DA:65,0
DA:66,0
DA:69,0
DA:70,0
DA:80,4
DA:81,0
DA:82,0
DA:96,4
DA:97,0
DA:100,0
DA:101,0
DA:102,0
DA:105,0
DA:106,0
DA:114,4
DA:115,0
DA:116,0
DA:119,4
LF:41
LH:15
BRDA:31,0,0,0
BRDA:31,0,1,0
BRDA:55,1,0,0
BRDA:55,1,1,0
BRDA:64,2,0,0
BRDA:64,2,1,0
BRDA:100,3,0,0
BRDA:100,3,1,0
BRF:8
BRH:0
end_of_record
TN:
SF:routes/users.js
FN:29,(anonymous_0)
FN:34,(anonymous_1)
FN:50,(anonymous_2)
FN:62,(anonymous_3)
FN:77,(anonymous_4)
FN:82,(anonymous_5)
FN:95,(anonymous_6)
FNF:7
FNH:7
FNDA:4,(anonymous_0)
FNDA:5,(anonymous_1)
FNDA:1,(anonymous_2)
FNDA:3,(anonymous_3)
FNDA:5,(anonymous_4)
FNDA:1,(anonymous_5)
FNDA:3,(anonymous_6)
DA:5,4
DA:7,4
DA:8,4
DA:9,4
DA:10,4
DA:11,4
DA:12,4
DA:13,4
DA:15,4
DA:29,4
DA:30,4
DA:33,4
DA:34,5
DA:35,2
DA:38,2
DA:39,2
DA:40,2
DA:50,4
DA:51,1
DA:52,1
DA:62,4
DA:63,3
DA:64,2
DA:77,4
DA:78,5
DA:81,5
DA:82,1
DA:83,1
DA:86,4
DA:87,3
DA:95,4
DA:96,3
DA:97,2
DA:100,4
LF:34
LH:34
BRDA:33,0,0,2
BRDA:33,0,1,2
BRDA:81,1,0,1
BRDA:81,1,1,4
BRF:4
BRH:4
end_of_record
