TN:
SF:config.js
FN:13,getDatabaseUri
FNF:1
FNH:1
FNDA:4,getDatabaseUri
DA:5,3
DA:6,3
DA:8,3
DA:10,3
DA:14,4
DA:21,3
DA:23,3
DA:24,1
DA:34,3
LF:9
LH:9
BRDA:8,0,0,3
BRDA:8,0,1,2
BRDA:10,1,0,3
BRDA:10,1,1,2
BRDA:14,2,0,1
BRDA:14,2,1,3
BRDA:16,3,0,3
BRDA:16,3,1,1
BRDA:21,4,0,2
BRDA:21,4,1,1
BRDA:23,5,0,1
BRDA:23,5,1,2
BRF:12
BRH:12
end_of_record
TN:
SF:expressError.js
FN:10,(anonymous_0)
FN:20,(anonymous_1)
FN:28,(anonymous_2)
FN:36,(anonymous_3)
FN:44,(anonymous_4)
FNF:5
FNH:2
FNDA:2,(anonymous_0)
FNDA:0,(anonymous_1)
FNDA:2,(anonymous_2)
FNDA:0,(anonymous_3)
FNDA:0,(anonymous_4)
DA:11,2
DA:12,2
DA:13,2
DA:21,0
DA:29,2
DA:37,0
DA:45,0
DA:49,1
LF:8
LH:5
BRDA:20,0,0,0
BRDA:28,1,0,2
BRDA:36,2,0,0
BRDA:44,3,0,0
BRF:4
BRH:1
end_of_record
TN:
SF:helpers/tokens.js
FN:8,createToken
FNF:1
FNH:1
FNDA:3,createToken
DA:3,1
DA:4,1
DA:9,3
DA:14,3
DA:17,1
LF:5
LH:5
BRF:0
BRH:0
end_of_record
TN:
SF:middleware/auth.js
FN:18,authenticateJWT
FN:38,ensureLoggedIn
FNF:2
FNH:2
FNDA:3,authenticateJWT
FNDA:3,ensureLoggedIn
DA:5,1
DA:6,1
DA:7,1
DA:19,3
DA:20,3
DA:21,2
DA:23,2
DA:24,2
DA:29,3
DA:39,3
DA:40,2
DA:44,1
LF:12
LH:12
BRDA:20,0,0,2
BRDA:20,0,1,1
BRDA:39,1,0,1
BRDA:39,1,1,2
BRF:4
BRH:4
end_of_record
